<?xml version="1.0" encoding="UTF-8"?>
<testsuite xmlns:xsi="http://www.w3.org/2001/XMLSchema-instance" xsi:noNamespaceSchemaLocation="https://maven.apache.org/surefire/maven-surefire-plugin/xsd/surefire-test-report-3.0.xsd" version="3.0" name="product.service.ProductServiceApplicationTests" time="5.19" tests="1" errors="0" skipped="0" failures="0">
  <properties>
[...]
</properties>
  <testcase name="contextLoads" classname="product.service.ProductServiceApplicationTests" time="0.049">
    <system-out><![CDATA[2025-01-05T01:14:27.284-08:00  INFO 4864 --- [           main] t.c.s.AnnotationConfigContextLoaderUtils : Could not detect default configuration classes for test class [product.service.ProductServiceApplicationTests]: ProductServiceApplicationTests does not declare any static, non-private, non-final, nested classes annotated with @Configuration.
2025-01-05T01:14:27.299-08:00  INFO 4864 --- [           main] .b.t.c.SpringBootTestContextBootstrapper : Found @SpringBootConfiguration product.service.ProductServiceApplication for test class product.service.ProductServiceApplicationTests

  .   ____          _            __ _ _
 /\\ / ___'_ __ _ _(_)_ __  __ _ \ \ \ \
( ( )\___ | '_ | '_| | '_ \/ _` | \ \ \ \
 \\/  ___)| |_)| | | | | || (_| |  ) ) ) )
  '  |____| .__|_| |_|_| |_\__, | / / / /
 =========|_|==============|___/=/_/_/_/
 :: Spring Boot ::                (v3.1.5)

2025-01-05T01:14:27.362-08:00  INFO 4864 --- [           main] p.s.ProductServiceApplicationTests       : Starting ProductServiceApplicationTests using Java 23.0.1 with PID 4864 (started by Admin in D:\Rupali\MicorserviceProject-2\bhavna-cops\product-service\bhavna-cops)
2025-01-05T01:14:27.362-08:00  INFO 4864 --- [           main] p.s.ProductServiceApplicationTests       : No active profile set, falling back to 1 default profile: "default"
2025-01-05T01:14:27.978-08:00  INFO 4864 --- [           main] .s.d.r.c.RepositoryConfigurationDelegate : Bootstrapping Spring Data JPA repositories in DEFAULT mode.
2025-01-05T01:14:28.116-08:00  INFO 4864 --- [           main] .s.d.r.c.RepositoryConfigurationDelegate : Finished Spring Data repository scanning in 136 ms. Found 1 JPA repository interfaces.
2025-01-05T01:14:28.348-08:00  INFO 4864 --- [           main] o.s.cloud.context.scope.GenericScope     : BeanFactory id=bb59ed23-5604-3d15-a6d6-d183c43aafb0
2025-01-05T01:14:28.664-08:00  INFO 4864 --- [           main] o.hibernate.jpa.internal.util.LogHelper  : HHH000204: Processing PersistenceUnitInfo [name: default]
2025-01-05T01:14:28.756-08:00  INFO 4864 --- [           main] org.hibernate.Version                    : HHH000412: Hibernate ORM core version 6.2.13.Final
2025-01-05T01:14:28.756-08:00  INFO 4864 --- [           main] org.hibernate.cfg.Environment            : HHH000406: Using bytecode reflection optimizer
2025-01-05T01:14:28.918-08:00  INFO 4864 --- [           main] o.s.o.j.p.SpringPersistenceUnitInfo      : No LoadTimeWeaver setup: ignoring JPA class transformer
2025-01-05T01:14:28.949-08:00  INFO 4864 --- [           main] com.zaxxer.hikari.HikariDataSource       : HikariPool-1 - Starting...
2025-01-05T01:14:29.334-08:00  INFO 4864 --- [           main] com.zaxxer.hikari.pool.HikariPool        : HikariPool-1 - Added connection com.mysql.cj.jdbc.ConnectionImpl@10c1682b
2025-01-05T01:14:29.334-08:00  INFO 4864 --- [           main] com.zaxxer.hikari.HikariDataSource       : HikariPool-1 - Start completed.
2025-01-05T01:14:29.403-08:00  WARN 4864 --- [           main] org.hibernate.orm.deprecation            : HHH90000025: MySQL8Dialect does not need to be specified explicitly using 'hibernate.dialect' (remove the property setting and it will be selected by default)
2025-01-05T01:14:29.403-08:00  WARN 4864 --- [           main] org.hibernate.orm.deprecation            : HHH90000026: MySQL8Dialect has been deprecated; use org.hibernate.dialect.MySQLDialect instead
2025-01-05T01:14:30.074-08:00  INFO 4864 --- [           main] o.h.e.t.j.p.i.JtaPlatformInitiator       : HHH000489: No JTA platform available (set 'hibernate.transaction.jta.platform' to enable JTA platform integration)
2025-01-05T01:14:30.105-08:00  INFO 4864 --- [           main] j.LocalContainerEntityManagerFactoryBean : Initialized JPA EntityManagerFactory for persistence unit 'default'
2025-01-05T01:14:30.389-08:00  INFO 4864 --- [           main] o.s.d.j.r.query.QueryEnhancerFactory     : Hibernate is in classpath; If applicable, HQL parser will be used.
2025-01-05T01:14:31.085-08:00  WARN 4864 --- [           main] JpaBaseConfiguration$JpaWebConfiguration : spring.jpa.open-in-view is enabled by default. Therefore, database queries may be performed during view rendering. Explicitly configure spring.jpa.open-in-view to disable this warning
2025-01-05T01:14:31.754-08:00  INFO 4864 --- [           main] DiscoveryClientOptionalArgsConfiguration : Eureka HTTP Client uses RestTemplate.
2025-01-05T01:14:31.770-08:00 DEBUG 4864 --- [           main] .n.e.m.DefaultManagementMetadataProvider : Constructed eureka meta-data healthcheckUrl: http://DESKTOP-LL3QDNN:8081/actuator/health
2025-01-05T01:14:31.770-08:00 DEBUG 4864 --- [           main] .n.e.m.DefaultManagementMetadataProvider : Constructed eureka meta-data statusPageUrl: http://DESKTOP-LL3QDNN:8081/actuator/info
2025-01-05T01:14:31.855-08:00  WARN 4864 --- [           main] iguration$LoadBalancerCaffeineWarnLogger : Spring Cloud LoadBalancer is currently working with the default cache. While this cache implementation is useful for development and tests, it's recommended to use Caffeine cache in production.You can switch to using Caffeine cache, by adding it and org.springframework.cache.caffeine.CaffeineCacheManager to the classpath.
2025-01-05T01:14:31.892-08:00  INFO 4864 --- [           main] o.s.c.n.eureka.InstanceInfoFactory       : Setting initial instance status as: STARTING
2025-01-05T01:14:32.056-08:00  INFO 4864 --- [           main] com.netflix.discovery.DiscoveryClient    : Initializing Eureka in region us-east-1
2025-01-05T01:14:32.056-08:00  INFO 4864 --- [           main] c.n.d.s.r.aws.ConfigClusterResolver      : Resolving eureka endpoints via configuration
2025-01-05T01:14:32.056-08:00 DEBUG 4864 --- [           main] c.n.discovery.endpoint.EndpointUtils     : The availability zone for the given region us-east-1 are [defaultZone]
2025-01-05T01:14:32.056-08:00 DEBUG 4864 --- [           main] c.n.d.s.r.aws.ConfigClusterResolver      : Config resolved to [AwsEndpoint{ serviceUrl='http://localhost:8761/eureka/', region='us-east-1', zone='defaultZone'}]
2025-01-05T01:14:32.056-08:00 DEBUG 4864 --- [           main] c.n.d.s.r.a.ZoneAffinityClusterResolver  : Local zone=defaultZone; resolved to: [AwsEndpoint{ serviceUrl='http://localhost:8761/eureka/', region='us-east-1', zone='defaultZone'}]
2025-01-05T01:14:32.093-08:00  INFO 4864 --- [           main] com.netflix.discovery.DiscoveryClient    : Disable delta property : false
2025-01-05T01:14:32.093-08:00  INFO 4864 --- [           main] com.netflix.discovery.DiscoveryClient    : Single vip registry refresh property : null
2025-01-05T01:14:32.093-08:00  INFO 4864 --- [           main] com.netflix.discovery.DiscoveryClient    : Force full registry fetch : false
2025-01-05T01:14:32.093-08:00  INFO 4864 --- [           main] com.netflix.discovery.DiscoveryClient    : Application is null : false
2025-01-05T01:14:32.093-08:00  INFO 4864 --- [           main] com.netflix.discovery.DiscoveryClient    : Registered Applications size is zero : true
2025-01-05T01:14:32.093-08:00  INFO 4864 --- [           main] com.netflix.discovery.DiscoveryClient    : Application version is -1: true
2025-01-05T01:14:32.093-08:00  INFO 4864 --- [           main] com.netflix.discovery.DiscoveryClient    : Getting all instance registry info from the eureka server
2025-01-05T01:14:32.093-08:00 DEBUG 4864 --- [           main] c.n.d.s.t.d.SessionedEurekaHttpClient    : Ending a session and starting anew
2025-01-05T01:14:32.380-08:00 DEBUG 4864 --- [           main] c.n.d.s.t.d.RedirectingEurekaHttpClient  : Pinning to endpoint null
2025-01-05T01:14:32.380-08:00  INFO 4864 --- [           main] com.netflix.discovery.DiscoveryClient    : The response status is 200
2025-01-05T01:14:32.380-08:00 DEBUG 4864 --- [           main] com.netflix.discovery.DiscoveryClient    : Got full registry with apps hashcode UP_2_
2025-01-05T01:14:32.393-08:00 DEBUG 4864 --- [           main] com.netflix.discovery.DiscoveryClient    : The total number of all instances in the client now is 2
2025-01-05T01:14:32.393-08:00  INFO 4864 --- [           main] com.netflix.discovery.DiscoveryClient    : Starting heartbeat executor: renew interval is: 30
2025-01-05T01:14:32.393-08:00  INFO 4864 --- [           main] c.n.discovery.InstanceInfoReplicator     : InstanceInfoReplicator onDemand update allowed rate per min is 4
2025-01-05T01:14:32.393-08:00  INFO 4864 --- [           main] com.netflix.discovery.DiscoveryClient    : Discovery Client initialized at timestamp 1736068472393 with initial instances count: 2
2025-01-05T01:14:32.393-08:00  INFO 4864 --- [           main] o.s.c.n.e.s.EurekaServiceRegistry        : Registering application PRODUCT-SERVICE with eureka with status UP
2025-01-05T01:14:32.393-08:00  INFO 4864 --- [           main] com.netflix.discovery.DiscoveryClient    : Saw local status change event StatusChangeEvent [timestamp=1736068472393, current=UP, previous=STARTING]
2025-01-05T01:14:32.393-08:00 DEBUG 4864 --- [nfoReplicator-0] c.n.discovery.InstanceInfoReplicator     : Executing on-demand update of local InstanceInfo
2025-01-05T01:14:32.393-08:00 DEBUG 4864 --- [nfoReplicator-0] c.n.discovery.InstanceInfoReplicator     : Canceling the latest scheduled update, it will be rescheduled at the end of on demand update
2025-01-05T01:14:32.409-08:00  INFO 4864 --- [nfoReplicator-0] com.netflix.discovery.DiscoveryClient    : DiscoveryClient_PRODUCT-SERVICE/DESKTOP-LL3QDNN:product-service:8081: registering service...
2025-01-05T01:14:32.409-08:00 DEBUG 4864 --- [nfoReplicator-0] c.n.d.s.t.d.SessionedEurekaHttpClient    : Ending a session and starting anew
2025-01-05T01:14:32.409-08:00  INFO 4864 --- [           main] p.s.ProductServiceApplicationTests       : Started ProductServiceApplicationTests in 5.104 seconds (process running for 9.829)
2025-01-05T01:14:32.456-08:00 DEBUG 4864 --- [nfoReplicator-0] c.n.d.s.t.d.RedirectingEurekaHttpClient  : Pinning to endpoint null
2025-01-05T01:14:32.456-08:00  INFO 4864 --- [nfoReplicator-0] com.netflix.discovery.DiscoveryClient    : DiscoveryClient_PRODUCT-SERVICE/DESKTOP-LL3QDNN:product-service:8081 - registration status: 204
]]></system-out>
  </testcase>
</testsuite>